<?xml version="1.0" encoding="UTF-8"?>
<!-- Generated by org.testng.reporters.JUnitReportReporter -->
<testsuite hostname="DESKTOP-RPNAHRE" failures="0" tests="1" name="testRunner.EmployeeRegTest" time="12.305" errors="0" timestamp="14 Apr 2024 09:17:49 GMT">
  <testcase classname="testRunner.EmployeeRegTest" name="feature" time="12.305"/>
</testsuite> <!-- testRunner.EmployeeRegTest -->
