<?xml version="1.0" encoding="UTF-8"?>
<!-- Generated by org.testng.reporters.JUnitReportReporter -->
<testsuite hostname="DESKTOP-RPNAHRE" failures="0" tests="1" name="testRunner.AdminLoginTest" time="28.626" errors="0" timestamp="14 Apr 2024 09:17:49 GMT">
  <testcase classname="testRunner.AdminLoginTest" name="feature" time="28.626"/>
</testsuite> <!-- testRunner.AdminLoginTest -->
